#
# There is insufficient memory for the Java Runtime Environment to continue.
# Native memory allocation (mmap) failed to map 118489088 bytes for committing reserved memory.
# Possible reasons:
#   The system is out of physical RAM or swap space
#   In 32 bit mode, the process size limit was hit
# Possible solutions:
#   Reduce memory load on the system
#   Increase physical memory or swap space
#   Check if swap backing store is full
#   Use 64 bit Java on a 64 bit OS
#   Decrease Java heap size (-Xmx/-Xms)
#   Decrease number of Java threads
#   Decrease Java thread stack sizes (-Xss)
#   Set larger code cache with -XX:ReservedCodeCacheSize=
# This output file may be truncated or incomplete.
#
#  Out of Memory Error (os_linux.cpp:2671), pid=18786, tid=140634348844800
#
# JRE version: Java(TM) SE Runtime Environment (8.0_20-b26) (build 1.8.0_20-b26)
# Java VM: Java HotSpot(TM) 64-Bit Server VM (25.20-b23 mixed mode linux-amd64 compressed oops)
# Failed to write core dump. Core dumps have been disabled. To enable core dumping, try "ulimit -c unlimited" before starting Java again
#

---------------  T H R E A D  ---------------

Current thread (0x00007fe7f806f000):  VMThread [stack: 0x00007fe7fc57f000,0x00007fe7fc680000] [id=18794]

Stack: [0x00007fe7fc57f000,0x00007fe7fc680000],  sp=0x00007fe7fc67e2f0,  free space=1020k
Native frames: (J=compiled Java code, j=interpreted, Vv=VM code, C=native code)
V  [libjvm.so+0xa76cea]  VMError::report_and_die()+0x2ca
V  [libjvm.so+0x4e52fb]  report_vm_out_of_memory(char const*, int, unsigned long, VMErrorType, char const*)+0x8b
V  [libjvm.so+0x8e4ec3]  os::Linux::commit_memory_impl(char*, unsigned long, bool)+0x103
V  [libjvm.so+0x8e5419]  os::pd_commit_memory(char*, unsigned long, unsigned long, bool)+0x29
V  [libjvm.so+0x8df0ea]  os::commit_memory(char*, unsigned long, unsigned long, bool)+0x2a
V  [libjvm.so+0x94f1f3]  PSVirtualSpace::expand_by(unsigned long)+0x53
V  [libjvm.so+0x9505f8]  PSYoungGen::resize_generation(unsigned long, unsigned long)+0xf8
V  [libjvm.so+0x94f752]  PSYoungGen::resize(unsigned long, unsigned long)+0x22
V  [libjvm.so+0x94ca33]  PSScavenge::invoke_no_policy()+0xf53
V  [libjvm.so+0x94d1b1]  PSScavenge::invoke()+0x41
V  [libjvm.so+0x9070d0]  ParallelScavengeHeap::failed_mem_allocate(unsigned long)+0x70
V  [libjvm.so+0xa78367]  VM_ParallelGCFailedAllocation::doit()+0x97
V  [libjvm.so+0xa7fa85]  VM_Operation::evaluate()+0x55
V  [libjvm.so+0xa7de5a]  VMThread::evaluate_operation(VM_Operation*)+0xba
V  [libjvm.so+0xa7e1de]  VMThread::loop()+0x1ce
V  [libjvm.so+0xa7e650]  VMThread::run()+0x70
V  [libjvm.so+0x8e75f8]  java_start(Thread*)+0x108

VM_Operation (0x00007fe7b6313660): ParallelGCFailedAllocation, mode: safepoint, requested by thread 0x00007fe7a426c000


---------------  P R O C E S S  ---------------

Java Threads: ( => current thread )
  0x00007fe7a426e800 JavaThread "Thread-8" [_thread_blocked, id=18832, stack(0x00007fe7b6113000,0x00007fe7b6214000)]
  0x00007fe7a426c000 JavaThread "Thread-7" [_thread_blocked, id=18830, stack(0x00007fe7b6214000,0x00007fe7b6315000)]
  0x00007fe7a426a000 JavaThread "Thread-6" [_thread_blocked, id=18828, stack(0x00007fe7b6395000,0x00007fe7b6496000)]
  0x00007fe7a4268000 JavaThread "Thread-5" [_thread_blocked, id=18827, stack(0x00007fe7b6496000,0x00007fe7b6597000)]
  0x00007fe7a4266000 JavaThread "Thread-4" [_thread_blocked, id=18826, stack(0x00007fe7b6597000,0x00007fe7b6698000)]
  0x00007fe7a4264000 JavaThread "Thread-3" [_thread_blocked, id=18825, stack(0x00007fe7b6698000,0x00007fe7b6799000)]
  0x00007fe7a4263000 JavaThread "Thread-2" [_thread_blocked, id=18824, stack(0x00007fe7b6799000,0x00007fe7b689a000)]
  0x00007fe7a4138800 JavaThread "Timer-0" [_thread_blocked, id=18822, stack(0x00007fe7b699b000,0x00007fe7b6a9c000)]
  0x00007fe7a4145000 JavaThread "Image Fetcher 0" daemon [_thread_blocked, id=18817, stack(0x00007fe7b7cff000,0x00007fe7b7e00000)]
  0x00007fe7a41e9800 JavaThread "TimerQueue" daemon [_thread_blocked, id=18811, stack(0x00007fe7b6f17000,0x00007fe7b7018000)]
  0x00007fe7a4079800 JavaThread "Abandoned connection cleanup thread" daemon [_thread_blocked, id=18809, stack(0x00007fe7b79fe000,0x00007fe7b7aff000)]
  0x00007fe7f800a000 JavaThread "DestroyJavaVM" [_thread_blocked, id=18791, stack(0x00007fe801341000,0x00007fe801442000)]
  0x00007fe7f8375800 JavaThread "AWT-EventQueue-0" [_thread_blocked, id=18806, stack(0x00007fe7e4050000,0x00007fe7e4151000)]
  0x00007fe7f8328000 JavaThread "AWT-Shutdown" [_thread_blocked, id=18805, stack(0x00007fe7e4151000,0x00007fe7e4252000)]
  0x00007fe7f82f0000 JavaThread "AWT-XAWT" daemon [_thread_blocked, id=18804, stack(0x00007fe7e46ab000,0x00007fe7e47ac000)]
  0x00007fe7f82d0000 JavaThread "Java2D Disposer" daemon [_thread_blocked, id=18803, stack(0x00007fe7e4bbc000,0x00007fe7e4cbd000)]
  0x00007fe7f80ad000 JavaThread "Service Thread" daemon [_thread_blocked, id=18800, stack(0x00007fe7e697d000,0x00007fe7e6a7e000)]
  0x00007fe7f80aa800 JavaThread "C1 CompilerThread1" daemon [_thread_blocked, id=18799, stack(0x00007fe7fc07a000,0x00007fe7fc17b000)]
  0x00007fe7f80a7800 JavaThread "C2 CompilerThread0" daemon [_thread_blocked, id=18798, stack(0x00007fe7fc17b000,0x00007fe7fc27c000)]
  0x00007fe7f80a5800 JavaThread "Signal Dispatcher" daemon [_thread_blocked, id=18797, stack(0x00007fe7fc27c000,0x00007fe7fc37d000)]
  0x00007fe7f8078800 JavaThread "Finalizer" daemon [_thread_blocked, id=18796, stack(0x00007fe7fc37d000,0x00007fe7fc47e000)]
  0x00007fe7f8076800 JavaThread "Reference Handler" daemon [_thread_blocked, id=18795, stack(0x00007fe7fc47e000,0x00007fe7fc57f000)]

Other Threads:
=>0x00007fe7f806f000 VMThread [stack: 0x00007fe7fc57f000,0x00007fe7fc680000] [id=18794]
  0x00007fe7f80c2000 WatcherThread [stack: 0x00007fe7e687c000,0x00007fe7e697d000] [id=18801]

VM state:at safepoint (normal execution)

VM Mutex/Monitor currently owned by a thread:  ([mutex/lock_event])
[0x00007fe7f8006650] Threads_lock - owner thread: 0x00007fe7f806f000
[0x00007fe7f8006b50] Heap_lock - owner thread: 0x00007fe7a426c000

Heap:
 PSYoungGen      total 210944K, used 114K [0x00000000eb980000, 0x00000000f8f00000, 0x0000000100000000)
  eden space 203264K, 0% used [0x00000000eb980000,0x00000000eb980000,0x00000000f8000000)
  from space 7680K, 1% used [0x00000000f8000000,0x00000000f801cb30,0x00000000f8780000)
  to   space 7680K, 0% used [0x00000000f8780000,0x00000000f8780000,0x00000000f8f00000)
 ParOldGen       total 42496K, used 10322K [0x00000000c2c00000, 0x00000000c5580000, 0x00000000eb980000)
  object space 42496K, 24% used [0x00000000c2c00000,0x00000000c3614848,0x00000000c5580000)
 Metaspace       used 18798K, capacity 19016K, committed 19200K, reserved 1067008K
  class space    used 2248K, capacity 2294K, committed 2304K, reserved 1048576K

Card table byte_map: [0x00007fe7fdf78000,0x00007fe7fe163000] byte_map_base: 0x00007fe7fd962000

Marking Bits: (ParMarkBitMap*) 0x00007fe80081aac0
 Begin Bits: [0x00007fe7e7160000, 0x00007fe7e80b0000)
 End Bits:   [0x00007fe7e80b0000, 0x00007fe7e9000000)

Polling page: 0x00007fe801461000

CodeCache: size=245760Kb used=5581Kb max_used=5581Kb free=240178Kb
 bounds [0x00007fe7e9000000, 0x00007fe7e9590000, 0x00007fe7f8000000]
 total_blobs=2396 nmethods=1751 adapters=560
 compilation: enabled

Compilation events (10 events):
Event: 12,052 Thread 0x00007fe7f80aa800 1835       3       java.net.SocketInputStream::read (15 bytes)
Event: 12,052 Thread 0x00007fe7f80a7800 1837       4       java.util.Collections$UnmodifiableMap::get (11 bytes)
Event: 12,053 Thread 0x00007fe7f80aa800 nmethod 1835 0x00007fe7e91d8150 code [0x00007fe7e91d82c0, 0x00007fe7e91d8508]
Event: 12,053 Thread 0x00007fe7f80aa800 1836   !   3       java.net.SocketInputStream::read (290 bytes)
Event: 12,058 Thread 0x00007fe7f80a7800 nmethod 1837 0x00007fe7e93b9450 code [0x00007fe7e93b95e0, 0x00007fe7e93b98f8]
Event: 12,063 Thread 0x00007fe7f80aa800 nmethod 1836 0x00007fe7e910da90 code [0x00007fe7e910dda0, 0x00007fe7e91100a8]
Event: 12,095 Thread 0x00007fe7f80aa800 1839       3       java.util.GregorianCalendar::computeFields (1571 bytes)
Event: 12,113 Thread 0x00007fe7f80aa800 nmethod 1839 0x00007fe7e9580c90 code [0x00007fe7e9581320, 0x00007fe7e9587638]
Event: 12,113 Thread 0x00007fe7f80aa800 1838       1       javax.swing.table.TableColumn::getModelIndex (5 bytes)
Event: 12,114 Thread 0x00007fe7f80aa800 nmethod 1838 0x00007fe7e91d7e90 code [0x00007fe7e91d7fe0, 0x00007fe7e91d80f0]

GC Heap History (10 events):
Event: 11,126 GC heap after
Heap after GC invocations=6 (full 0):
 PSYoungGen      total 70144K, used 2810K [0x00000000eb980000, 0x00000000f0580000, 0x0000000100000000)
  eden space 63488K, 0% used [0x00000000eb980000,0x00000000eb980000,0x00000000ef780000)
  from space 6656K, 42% used [0x00000000eff00000,0x00000000f01bebb0,0x00000000f0580000)
  to   space 7168K, 0% used [0x00000000ef780000,0x00000000ef780000,0x00000000efe80000)
 ParOldGen       total 42496K, used 7535K [0x00000000c2c00000, 0x00000000c5580000, 0x00000000eb980000)
  object space 42496K, 17% used [0x00000000c2c00000,0x00000000c335bcd8,0x00000000c5580000)
 Metaspace       used 18780K, capacity 19016K, committed 19200K, reserved 1067008K
  class space    used 2248K, capacity 2294K, committed 2304K, reserved 1048576K
}
Event: 11,277 GC heap before
{Heap before GC invocations=7 (full 0):
 PSYoungGen      total 70144K, used 66298K [0x00000000eb980000, 0x00000000f0580000, 0x0000000100000000)
  eden space 63488K, 100% used [0x00000000eb980000,0x00000000ef780000,0x00000000ef780000)
  from space 6656K, 42% used [0x00000000eff00000,0x00000000f01bebb0,0x00000000f0580000)
  to   space 7168K, 0% used [0x00000000ef780000,0x00000000ef780000,0x00000000efe80000)
 ParOldGen       total 42496K, used 7535K [0x00000000c2c00000, 0x00000000c5580000, 0x00000000eb980000)
  object space 42496K, 17% used [0x00000000c2c00000,0x00000000c335bcd8,0x00000000c5580000)
 Metaspace       used 18781K, capacity 19016K, committed 19200K, reserved 1067008K
  class space    used 2248K, capacity 2294K, committed 2304K, reserved 1048576K
Event: 11,304 GC heap after
Heap after GC invocations=7 (full 0):
 PSYoungGen      total 70656K, used 400K [0x00000000eb980000, 0x00000000f4480000, 0x0000000100000000)
  eden space 63488K, 0% used [0x00000000eb980000,0x00000000eb980000,0x00000000ef780000)
  from space 7168K, 5% used [0x00000000ef780000,0x00000000ef7e4010,0x00000000efe80000)
  to   space 7680K, 0% used [0x00000000f3d00000,0x00000000f3d00000,0x00000000f4480000)
 ParOldGen       total 42496K, used 9978K [0x00000000c2c00000, 0x00000000c5580000, 0x00000000eb980000)
  object space 42496K, 23% used [0x00000000c2c00000,0x00000000c35beb70,0x00000000c5580000)
 Metaspace       used 18781K, capacity 19016K, committed 19200K, reserved 1067008K
  class space    used 2248K, capacity 2294K, committed 2304K, reserved 1048576K
}
Event: 11,429 GC heap before
{Heap before GC invocations=8 (full 0):
 PSYoungGen      total 70656K, used 63888K [0x00000000eb980000, 0x00000000f4480000, 0x0000000100000000)
  eden space 63488K, 100% used [0x00000000eb980000,0x00000000ef780000,0x00000000ef780000)
  from space 7168K, 5% used [0x00000000ef780000,0x00000000ef7e4010,0x00000000efe80000)
  to   space 7680K, 0% used [0x00000000f3d00000,0x00000000f3d00000,0x00000000f4480000)
 ParOldGen       total 42496K, used 9978K [0x00000000c2c00000, 0x00000000c5580000, 0x00000000eb980000)
  object space 42496K, 23% used [0x00000000c2c00000,0x00000000c35beb70,0x00000000c5580000)
 Metaspace       used 18781K, capacity 19016K, committed 19200K, reserved 1067008K
  class space    used 2248K, capacity 2294K, committed 2304K, reserved 1048576K
Event: 11,431 GC heap after
Heap after GC invocations=8 (full 0):
 PSYoungGen      total 134656K, used 300K [0x00000000eb980000, 0x00000000f4480000, 0x0000000100000000)
  eden space 126976K, 0% used [0x00000000eb980000,0x00000000eb980000,0x00000000f3580000)
  from space 7680K, 3% used [0x00000000f3d00000,0x00000000f3d4b3f8,0x00000000f4480000)
  to   space 7680K, 0% used [0x00000000f3580000,0x00000000f3580000,0x00000000f3d00000)
 ParOldGen       total 42496K, used 10074K [0x00000000c2c00000, 0x00000000c5580000, 0x00000000eb980000)
  object space 42496K, 23% used [0x00000000c2c00000,0x00000000c35d6b90,0x00000000c5580000)
 Metaspace       used 18781K, capacity 19016K, committed 19200K, reserved 1067008K
  class space    used 2248K, capacity 2294K, committed 2304K, reserved 1048576K
}
Event: 11,678 GC heap before
{Heap before GC invocations=9 (full 0):
 PSYoungGen      total 134656K, used 127276K [0x00000000eb980000, 0x00000000f4480000, 0x0000000100000000)
  eden space 126976K, 100% used [0x00000000eb980000,0x00000000f3580000,0x00000000f3580000)
  from space 7680K, 3% used [0x00000000f3d00000,0x00000000f3d4b3f8,0x00000000f4480000)
  to   space 7680K, 0% used [0x00000000f3580000,0x00000000f3580000,0x00000000f3d00000)
 ParOldGen       total 42496K, used 10074K [0x00000000c2c00000, 0x00000000c5580000, 0x00000000eb980000)
  object space 42496K, 23% used [0x00000000c2c00000,0x00000000c35d6b90,0x00000000c5580000)
 Metaspace       used 18784K, capacity 19016K, committed 19200K, reserved 1067008K
  class space    used 2248K, capacity 2294K, committed 2304K, reserved 1048576K
Event: 11,680 GC heap after
Heap after GC invocations=9 (full 0):
 PSYoungGen      total 134656K, used 32K [0x00000000eb980000, 0x00000000f8f00000, 0x0000000100000000)
  eden space 126976K, 0% used [0x00000000eb980000,0x00000000eb980000,0x00000000f3580000)
  from space 7680K, 0% used [0x00000000f3580000,0x00000000f3588000,0x00000000f3d00000)
  to   space 7680K, 0% used [0x00000000f8780000,0x00000000f8780000,0x00000000f8f00000)
 ParOldGen       total 42496K, used 10306K [0x00000000c2c00000, 0x00000000c5580000, 0x00000000eb980000)
  object space 42496K, 24% used [0x00000000c2c00000,0x00000000c3610848,0x00000000c5580000)
 Metaspace       used 18784K, capacity 19016K, committed 19200K, reserved 1067008K
  class space    used 2248K, capacity 2294K, committed 2304K, reserved 1048576K
}
Event: 11,823 GC heap before
{Heap before GC invocations=10 (full 0):
 PSYoungGen      total 134656K, used 127008K [0x00000000eb980000, 0x00000000f8f00000, 0x0000000100000000)
  eden space 126976K, 100% used [0x00000000eb980000,0x00000000f3580000,0x00000000f3580000)
  from space 7680K, 0% used [0x00000000f3580000,0x00000000f3588000,0x00000000f3d00000)
  to   space 7680K, 0% used [0x00000000f8780000,0x00000000f8780000,0x00000000f8f00000)
 ParOldGen       total 42496K, used 10306K [0x00000000c2c00000, 0x00000000c5580000, 0x00000000eb980000)
  object space 42496K, 24% used [0x00000000c2c00000,0x00000000c3610848,0x00000000c5580000)
 Metaspace       used 18785K, capacity 19016K, committed 19200K, reserved 1067008K
  class space    used 2248K, capacity 2294K, committed 2304K, reserved 1048576K
Event: 11,824 GC heap after
Heap after GC invocations=10 (full 0):
 PSYoungGen      total 210944K, used 74K [0x00000000eb980000, 0x00000000f8f00000, 0x0000000100000000)
  eden space 203264K, 0% used [0x00000000eb980000,0x00000000eb980000,0x00000000f8000000)
  from space 7680K, 0% used [0x00000000f8780000,0x00000000f87929b0,0x00000000f8f00000)
  to   space 7680K, 0% used [0x00000000f8000000,0x00000000f8000000,0x00000000f8780000)
 ParOldGen       total 42496K, used 10314K [0x00000000c2c00000, 0x00000000c5580000, 0x00000000eb980000)
  object space 42496K, 24% used [0x00000000c2c00000,0x00000000c3612848,0x00000000c5580000)
 Metaspace       used 18785K, capacity 19016K, committed 19200K, reserved 1067008K
  class space    used 2248K, capacity 2294K, committed 2304K, reserved 1048576K
}
Event: 12,155 GC heap before
{Heap before GC invocations=11 (full 0):
 PSYoungGen      total 210944K, used 203338K [0x00000000eb980000, 0x00000000f8f00000, 0x0000000100000000)
  eden space 203264K, 100% used [0x00000000eb980000,0x00000000f8000000,0x00000000f8000000)
  from space 7680K, 0% used [0x00000000f8780000,0x00000000f87929b0,0x00000000f8f00000)
  to   space 7680K, 0% used [0x00000000f8000000,0x00000000f8000000,0x00000000f8780000)
 ParOldGen       total 42496K, used 10314K [0x00000000c2c00000, 0x00000000c5580000, 0x00000000eb980000)
  object space 42496K, 24% used [0x00000000c2c00000,0x00000000c3612848,0x00000000c5580000)
 Metaspace       used 18798K, capacity 19016K, committed 19200K, reserved 1067008K
  class space    used 2248K, capacity 2294K, committed 2304K, reserved 1048576K

Deoptimization events (10 events):
Event: 3,734 Thread 0x00007fe7f82f0000 Uncommon trap: reason=class_check action=maybe_recompile pc=0x00007fe7e92d3f38 method=java.util.Hashtable.put(Ljava/lang/Object;Ljava/lang/Object;)Ljava/lang/Object; @ 60
Event: 3,734 Thread 0x00007fe7f82f0000 Uncommon trap: reason=class_check action=maybe_recompile pc=0x00007fe7e92d3f38 method=java.util.Hashtable.put(Ljava/lang/Object;Ljava/lang/Object;)Ljava/lang/Object; @ 60
Event: 3,734 Thread 0x00007fe7f82f0000 Uncommon trap: reason=class_check action=maybe_recompile pc=0x00007fe7e92d3f38 method=java.util.Hashtable.put(Ljava/lang/Object;Ljava/lang/Object;)Ljava/lang/Object; @ 60
Event: 3,743 Thread 0x00007fe7f8375800 Uncommon trap: reason=class_check action=maybe_recompile pc=0x00007fe7e9195b24 method=java.lang.String.equals(Ljava/lang/Object;)Z @ 8
Event: 3,743 Thread 0x00007fe7f8375800 Uncommon trap: reason=class_check action=maybe_recompile pc=0x00007fe7e9195b24 method=java.lang.String.equals(Ljava/lang/Object;)Z @ 8
Event: 4,015 Thread 0x00007fe7f8375800 Uncommon trap: reason=class_check action=maybe_recompile pc=0x00007fe7e9195b24 method=java.lang.String.equals(Ljava/lang/Object;)Z @ 8
Event: 4,015 Thread 0x00007fe7f8375800 Uncommon trap: reason=class_check action=maybe_recompile pc=0x00007fe7e9195b24 method=java.lang.String.equals(Ljava/lang/Object;)Z @ 8
Event: 6,822 Thread 0x00007fe7f8375800 Uncommon trap: reason=unreached action=reinterpret pc=0x00007fe7e9394e84 method=java.util.HashMap.resize()[Ljava/util/HashMap$Node; @ 206
Event: 6,974 Thread 0x00007fe7f8375800 Uncommon trap: reason=unreached action=reinterpret pc=0x00007fe7e9214b60 method=java.util.HashMap.putVal(ILjava/lang/Object;Ljava/lang/Object;ZZ)Ljava/lang/Object; @ 109
Event: 10,027 Thread 0x00007fe7f8375800 Uncommon trap: reason=unloaded action=reinterpret pc=0x00007fe7e94993d4 method=java.lang.CharacterData.of(I)Ljava/lang/CharacterData; @ 96

Internal exceptions (10 events):
Event: 12,154 Thread 0x00007fe7a426c000 Implicit null exception at 0x00007fe7e91ea244 to 0x00007fe7e91ea3e3
Event: 12,154 Thread 0x00007fe7a426c000 Exception <a 'java/lang/NullPointerException'> (0x00000000f7f86868) thrown at [/HUDSON/workspace/8-2-build-linux-amd64/jdk8u20/1074/hotspot/src/share/vm/runtime/sharedRuntime.cpp, line 604]
Event: 12,154 Thread 0x00007fe7a426c000 Implicit null exception at 0x00007fe7e91ea244 to 0x00007fe7e91ea3e3
Event: 12,154 Thread 0x00007fe7a426c000 Exception <a 'java/lang/NullPointerException'> (0x00000000f7fa0140) thrown at [/HUDSON/workspace/8-2-build-linux-amd64/jdk8u20/1074/hotspot/src/share/vm/runtime/sharedRuntime.cpp, line 604]
Event: 12,155 Thread 0x00007fe7a426c000 Implicit null exception at 0x00007fe7e91ea244 to 0x00007fe7e91ea3e3
Event: 12,155 Thread 0x00007fe7a426c000 Exception <a 'java/lang/NullPointerException'> (0x00000000f7fb9a28) thrown at [/HUDSON/workspace/8-2-build-linux-amd64/jdk8u20/1074/hotspot/src/share/vm/runtime/sharedRuntime.cpp, line 604]
Event: 12,155 Thread 0x00007fe7a426c000 Implicit null exception at 0x00007fe7e91ea244 to 0x00007fe7e91ea3e3
Event: 12,155 Thread 0x00007fe7a426c000 Exception <a 'java/lang/NullPointerException'> (0x00000000f7fd3318) thrown at [/HUDSON/workspace/8-2-build-linux-amd64/jdk8u20/1074/hotspot/src/share/vm/runtime/sharedRuntime.cpp, line 604]
Event: 12,155 Thread 0x00007fe7a426c000 Implicit null exception at 0x00007fe7e91ea244 to 0x00007fe7e91ea3e3
Event: 12,155 Thread 0x00007fe7a426c000 Exception <a 'java/lang/NullPointerException'> (0x00000000f7fecc10) thrown at [/HUDSON/workspace/8-2-build-linux-amd64/jdk8u20/1074/hotspot/src/share/vm/runtime/sharedRuntime.cpp, line 604]

Events (10 events):
Event: 11,126 Executing VM operation: ParallelGCFailedAllocation done
Event: 11,276 Executing VM operation: ParallelGCFailedAllocation
Event: 11,304 Executing VM operation: ParallelGCFailedAllocation done
Event: 11,418 Executing VM operation: ParallelGCFailedAllocation
Event: 11,431 Executing VM operation: ParallelGCFailedAllocation done
Event: 11,678 Executing VM operation: ParallelGCFailedAllocation
Event: 11,680 Executing VM operation: ParallelGCFailedAllocation done
Event: 11,819 Executing VM operation: ParallelGCFailedAllocation
Event: 11,824 Executing VM operation: ParallelGCFailedAllocation done
Event: 12,155 Executing VM operation: ParallelGCFailedAllocation


Dynamic libraries:
00400000-00401000 r-xp 00000000 08:01 5770280                            /usr/lib/jvm/jdk1.8.20/jre/bin/java
00600000-00601000 rw-p 00000000 08:01 5770280                            /usr/lib/jvm/jdk1.8.20/jre/bin/java
0060c000-006ec000 rw-p 00000000 00:00 0                                  [heap]
c2c00000-c5580000 rw-p 00000000 00:00 0 
c5580000-eb980000 ---p 00000000 00:00 0 
eb980000-f8f00000 rw-p 00000000 00:00 0 
100000000-100240000 rw-p 00000000 00:00 0 
100240000-140000000 ---p 00000000 00:00 0 
7fe7a4000000-7fe7a4490000 rw-p 00000000 00:00 0 
7fe7a4490000-7fe7a8000000 ---p 00000000 00:00 0 
7fe7ac000000-7fe7ac021000 rw-p 00000000 00:00 0 
7fe7ac021000-7fe7b0000000 ---p 00000000 00:00 0 
7fe7b0000000-7fe7b0025000 rw-p 00000000 00:00 0 
7fe7b0025000-7fe7b4000000 ---p 00000000 00:00 0 
7fe7b6113000-7fe7b6116000 ---p 00000000 00:00 0 
7fe7b6116000-7fe7b6214000 rw-p 00000000 00:00 0                          [stack:18832]
7fe7b6214000-7fe7b6217000 ---p 00000000 00:00 0 
7fe7b6217000-7fe7b6315000 rw-p 00000000 00:00 0                          [stack:18830]
7fe7b6315000-7fe7b6316000 r--s 00000000 08:01 7602271                    /var/cache/fontconfig/c05880de57d1f5e948fdfacc138775d9-le64.cache-4
7fe7b6316000-7fe7b6321000 r--s 00000000 08:01 7602265                    /var/cache/fontconfig/945677eb7aeaf62f1d50efc3fb3ec7d8-le64.cache-4
7fe7b6321000-7fe7b6323000 r--s 00000000 08:01 7614895                    /var/cache/fontconfig/99e8ed0e538f840c565b6ed5dad60d56-le64.cache-4
7fe7b6323000-7fe7b632c000 r--s 00000000 08:01 7614894                    /var/cache/fontconfig/a6d8cf8e4ec09cdbc8633c31745a07dd-le64.cache-4
7fe7b632c000-7fe7b6332000 r--s 00000000 08:01 7602251                    /var/cache/fontconfig/2cd17615ca594fa2959ae173292e504c-le64.cache-4
7fe7b6332000-7fe7b6333000 r--s 00000000 08:01 7602281                    /var/cache/fontconfig/e7071f4a29fa870f4323321c154eba04-le64.cache-4
7fe7b6333000-7fe7b6334000 r--s 00000000 08:01 7602248                    /var/cache/fontconfig/0d8c3b2ac0904cb8a57a757ad11a4a08-le64.cache-4
7fe7b6334000-7fe7b633b000 r--s 00000000 08:01 7602268                    /var/cache/fontconfig/a755afe4a08bf5b97852ceb7400b47bc-le64.cache-4
7fe7b633b000-7fe7b634f000 r--s 00000000 08:01 7602246                    /var/cache/fontconfig/04aabc0a78ac019cf9454389977116d2-le64.cache-4
7fe7b634f000-7fe7b6350000 r--s 00000000 08:01 7602250                    /var/cache/fontconfig/1ac9eb803944fde146138c791f5cc56a-le64.cache-4
7fe7b6350000-7fe7b6354000 r--s 00000000 08:01 7602254                    /var/cache/fontconfig/385c0604a188198f04d133e54aba7fe7-le64.cache-4
7fe7b6354000-7fe7b6356000 r--s 00000000 08:01 7602262                    /var/cache/fontconfig/767a8244fc0220cfb567a839d0392e0b-le64.cache-4
7fe7b6356000-7fe7b635b000 r--s 00000000 08:01 7602264                    /var/cache/fontconfig/8801497958630a81b71ace7c5f9b32a8-le64.cache-4
7fe7b635b000-7fe7b6362000 r--s 00000000 08:01 7602252                    /var/cache/fontconfig/3047814df9a2f067bd2d96a2b9c36e5a-le64.cache-4
7fe7b6362000-7fe7b6368000 r--s 00000000 08:01 7602269                    /var/cache/fontconfig/b47c4e1ecd0709278f4910c18777a504-le64.cache-4
7fe7b6368000-7fe7b6371000 r--s 00000000 08:01 7614892                    /var/cache/fontconfig/52f7bdb7ce746bfd7eaa1985bd9cfa93-le64.cache-4
7fe7b6371000-7fe7b6384000 r--s 00000000 08:01 7602275                    /var/cache/fontconfig/d52a8644073d54c13679302ca1180695-le64.cache-4
7fe7b6394000-7fe7b6395000 rw-p 00000000 00:00 0 
7fe7b6395000-7fe7b6398000 ---p 00000000 00:00 0 
7fe7b6398000-7fe7b6496000 rw-p 00000000 00:00 0                          [stack:18828]
7fe7b6496000-7fe7b6499000 ---p 00000000 00:00 0 
7fe7b6499000-7fe7b6597000 rw-p 00000000 00:00 0                          [stack:18827]
7fe7b6597000-7fe7b659a000 ---p 00000000 00:00 0 
7fe7b659a000-7fe7b6698000 rw-p 00000000 00:00 0                          [stack:18826]
7fe7b6698000-7fe7b669b000 ---p 00000000 00:00 0 
7fe7b669b000-7fe7b6799000 rw-p 00000000 00:00 0                          [stack:18825]
7fe7b6799000-7fe7b679c000 ---p 00000000 00:00 0 
7fe7b679c000-7fe7b689a000 rw-p 00000000 00:00 0                          [stack:18824]
7fe7b689a000-7fe7b689d000 ---p 00000000 00:00 0 
7fe7b689d000-7fe7b699b000 rw-p 00000000 00:00 0 
7fe7b699b000-7fe7b699e000 ---p 00000000 00:00 0 
7fe7b699e000-7fe7b6b1c000 rw-p 00000000 00:00 0                          [stack:18822]
7fe7b6b1c000-7fe7b6c9c000 ---p 00000000 00:00 0 
7fe7b6c9c000-7fe7b6cb1000 r--s 00000000 08:01 2756004                    /usr/share/fonts/type1/gsfonts/b018032l.pfb
7fe7b6cb1000-7fe7b6cc3000 r--s 00000000 08:01 2756037                    /usr/share/fonts/type1/gsfonts/n019043l.pfb
7fe7b6cc3000-7fe7b6cdf000 r--s 00000000 08:01 2756082                    /usr/share/fonts/type1/gsfonts/p052024l.pfb
7fe7b6cdf000-7fe7b6cef000 r--s 00000000 08:01 2755989                    /usr/share/fonts/type1/gsfonts/a010015l.pfb
7fe7b6cef000-7fe7b6cf8000 r--s 00000000 08:01 2756085                    /usr/share/fonts/type1/gsfonts/s050000l.pfb
7fe7b6cf8000-7fe7b6d13000 r--s 00000000 08:01 2756013                    /usr/share/fonts/type1/gsfonts/c059016l.pfb
7fe7b6d13000-7fe7b6d1f000 r--s 00000000 08:01 2756022                    /usr/share/fonts/type1/gsfonts/d050000l.pfb
7fe7b6d1f000-7fe7b6d39000 r--s 00000000 08:01 2756010                    /usr/share/fonts/type1/gsfonts/c059013l.pfb
7fe7b6d39000-7fe7b6d51000 r--s 00000000 08:01 2756016                    /usr/share/fonts/type1/gsfonts/c059033l.pfb
7fe7b6d51000-7fe7b6d6c000 r--s 00000000 08:01 2756076                    /usr/share/fonts/type1/gsfonts/p052004l.pfb
7fe7b6d6c000-7fe7b6d87000 r--s 00000000 08:01 2756079                    /usr/share/fonts/type1/gsfonts/p052023l.pfb
7fe7b6d87000-7fe7b6da2000 r--s 00000000 08:01 2756073                    /usr/share/fonts/type1/gsfonts/p052003l.pfb
7fe7b6da2000-7fe7b6db5000 r--s 00000000 08:01 2756046                    /usr/share/fonts/type1/gsfonts/n019064l.pfb
7fe7b6db5000-7fe7b6dcc000 r--s 00000000 08:01 2756088                    /usr/share/fonts/type1/gsfonts/z003034l.pfb
7fe7b6dcc000-7fe7b6dde000 r--s 00000000 08:01 2756040                    /usr/share/fonts/type1/gsfonts/n019044l.pfb
7fe7b6dde000-7fe7b6df6000 r--s 00000000 08:01 2756019                    /usr/share/fonts/type1/gsfonts/c059036l.pfb
7fe7b6df6000-7fe7b6e07000 r--s 00000000 08:01 2755995                    /usr/share/fonts/type1/gsfonts/a010035l.pfb
7fe7b6e07000-7fe7b6e18000 r--s 00000000 08:01 2756043                    /usr/share/fonts/type1/gsfonts/n019063l.pfb
7fe7b6e18000-7fe7b6e28000 r--s 00000000 08:01 2755992                    /usr/share/fonts/type1/gsfonts/a010033l.pfb
7fe7b6e28000-7fe7b6e3a000 r--s 00000000 08:01 2756007                    /usr/share/fonts/type1/gsfonts/b018035l.pfb
7fe7b6e3a000-7fe7b6e4a000 r--s 00000000 08:01 2755986                    /usr/share/fonts/type1/gsfonts/a010013l.pfb
7fe7b6e4a000-7fe7b6e5d000 r--s 00000000 08:01 2756001                    /usr/share/fonts/type1/gsfonts/b018015l.pfb
7fe7b6e5d000-7fe7b6e76000 r--s 00000000 08:01 2755998                    /usr/share/fonts/type1/gsfonts/b018012l.pfb
7fe7b6e76000-7fe7b6e80000 r--s 00000000 08:01 2755288                    /usr/share/fonts/X11/Type1/c0583bt_.pfb
7fe7b6e80000-7fe7b6e89000 r--s 00000000 08:01 2755298                    /usr/share/fonts/X11/Type1/c0649bt_.pfb
7fe7b6e89000-7fe7b6e93000 r--s 00000000 08:01 2756091                    /usr/share/fonts/type1/mathml/Symbol.pfb
7fe7b6e93000-7fe7b6e9c000 r--s 00000000 08:01 2755292                    /usr/share/fonts/X11/Type1/c0632bt_.pfb
7fe7b6e9c000-7fe7b6ea6000 r--s 00000000 08:01 2755284                    /usr/share/fonts/X11/Type1/c0419bt_.pfb
7fe7b6ea6000-7fe7b6eb0000 r--s 00000000 08:01 2755290                    /usr/share/fonts/X11/Type1/c0611bt_.pfb
7fe7b6eb0000-7fe7b6eba000 r--s 00000000 08:01 2755286                    /usr/share/fonts/X11/Type1/c0582bt_.pfb
7fe7b6eba000-7fe7b6ec3000 r--s 00000000 08:01 2755294                    /usr/share/fonts/X11/Type1/c0633bt_.pfb
7fe7b6ec3000-7fe7b6ecc000 r--s 00000000 08:01 2755296                    /usr/share/fonts/X11/Type1/c0648bt_.pfb
7fe7b6ecc000-7fe7b6ecd000 r--s 00000000 08:01 7602278                    /var/cache/fontconfig/dc05db6664285cc2f12bf69c139ae4c3-le64.cache-4
7fe7b6ecd000-7fe7b6ece000 r--s 00000000 08:01 7607171                    /var/cache/fontconfig/4794a0821666d79190d59a36cb4f44b5-le64.cache-4
7fe7b6ece000-7fe7b6ecf000 r--s 00000000 08:01 7602258                    /var/cache/fontconfig/56cf4f4769d0f4abc89a4895d7bd3ae1-le64.cache-4
7fe7b6ecf000-7fe7b6ed0000 r--s 00000000 08:01 7602270                    /var/cache/fontconfig/b9d506c9ac06c20b433354fa67a72993-le64.cache-4
7fe7b6ed0000-7fe7b6ed9000 r--s 00000000 08:01 7602255                    /var/cache/fontconfig/3f7329c5293ffd510edef78f73874cfd-le64.cache-4
7fe7b6ed9000-7fe7b6ee4000 r--s 00000000 08:01 7614244                    /var/cache/fontconfig/d589a48862398ed80a3d6066f4f56f4c-le64.cache-4
7fe7b6ee4000-7fe7b6ee5000 r--s 00000000 08:01 7602247                    /var/cache/fontconfig/0c9eb80ebd1c36541ebe2852d3bb0c49-le64.cache-4
7fe7b6ee5000-7fe7b6ee8000 r--s 00000000 08:01 7602652                    /var/cache/fontconfig/e13b20fdb08344e0e664864cc2ede53d-le64.cache-4
7fe7b6ee8000-7fe7b6efe000 r--s 00000000 08:01 2756067                    /usr/share/fonts/type1/gsfonts/n022023l.pfb
7fe7b6efe000-7fe7b6f17000 r--s 00000000 08:01 2756052                    /usr/share/fonts/type1/gsfonts/n021004l.pfb
7fe7b6f17000-7fe7b6f1a000 ---p 00000000 00:00 0 
7fe7b6f1a000-7fe7b7218000 rw-p 00000000 00:00 0                          [stack:18811]
7fe7b7218000-7fe7b7242000 r-xp 00000000 08:01 5770540                    /usr/lib/jvm/jdk1.8.20/jre/lib/amd64/libdcpr.so
7fe7b7242000-7fe7b7442000 ---p 0002a000 08:01 5770540                    /usr/lib/jvm/jdk1.8.20/jre/lib/amd64/libdcpr.so
7fe7b7442000-7fe7b7445000 rw-p 0002a000 08:01 5770540                    /usr/lib/jvm/jdk1.8.20/jre/lib/amd64/libdcpr.so
7fe7b7445000-7fe7b7645000 rw-p 00000000 00:00 0 
7fe7b7645000-7fe7b76ae000 r-xp 00000000 08:01 5770552                    /usr/lib/jvm/jdk1.8.20/jre/lib/amd64/libt2k.so
7fe7b76ae000-7fe7b78ad000 ---p 00069000 08:01 5770552                    /usr/lib/jvm/jdk1.8.20/jre/lib/amd64/libt2k.so
7fe7b78ad000-7fe7b78b4000 rw-p 00068000 08:01 5770552                    /usr/lib/jvm/jdk1.8.20/jre/lib/amd64/libt2k.so
7fe7b78b4000-7fe7b78c4000 rw-p 00000000 00:00 0 
7fe7b78c4000-7fe7b78c5000 r--s 00000000 08:01 7602271                    /var/cache/fontconfig/c05880de57d1f5e948fdfacc138775d9-le64.cache-4
7fe7b78c5000-7fe7b78d0000 r--s 00000000 08:01 7602265                    /var/cache/fontconfig/945677eb7aeaf62f1d50efc3fb3ec7d8-le64.cache-4
7fe7b78d0000-7fe7b78d2000 r--s 00000000 08:01 7614895                    /var/cache/fontconfig/99e8ed0e538f840c565b6ed5dad60d56-le64.cache-4
7fe7b78d2000-7fe7b78db000 r--s 00000000 08:01 7614894                    /var/cache/fontconfig/a6d8cf8e4ec09cdbc8633c31745a07dd-le64.cache-4
7fe7b78db000-7fe7b78e1000 r--s 00000000 08:01 7602251                    /var/cache/fontconfig/2cd17615ca594fa2959ae173292e504c-le64.cache-4
7fe7b78e1000-7fe7b78e2000 r--s 00000000 08:01 7602281                    /var/cache/fontconfig/e7071f4a29fa870f4323321c154eba04-le64.cache-4
7fe7b78e2000-7fe7b78e3000 r--s 00000000 08:01 7602248                    /var/cache/fontconfig/0d8c3b2ac0904cb8a57a757ad11a4a08-le64.cache-4
7fe7b78e3000-7fe7b78ea000 r--s 00000000 08:01 7602268                    /var/cache/fontconfig/a755afe4a08bf5b97852ceb7400b47bc-le64.cache-4
7fe7b78ea000-7fe7b78fe000 r--s 00000000 08:01 7602246                    /var/cache/fontconfig/04aabc0a78ac019cf9454389977116d2-le64.cache-4
7fe7b78fe000-7fe7b78ff000 r--s 00000000 08:01 7602250                    /var/cache/fontconfig/1ac9eb803944fde146138c791f5cc56a-le64.cache-4
7fe7b78ff000-7fe7b7903000 r--s 00000000 08:01 7602254                    /var/cache/fontconfig/385c0604a188198f04d133e54aba7fe7-le64.cache-4
7fe7b7903000-7fe7b7904000 r--s 00000000 08:01 7602278                    /var/cache/fontconfig/dc05db6664285cc2f12bf69c139ae4c3-le64.cache-4
7fe7b7904000-7fe7b7906000 r--s 00000000 08:01 7602262                    /var/cache/fontconfig/767a8244fc0220cfb567a839d0392e0b-le64.cache-4
7fe7b7906000-7fe7b790d000 r--s 00000000 08:01 7602252                    /var/cache/fontconfig/3047814df9a2f067bd2d96a2b9c36e5a-le64.cache-4
7fe7b790d000-7fe7b7911000 r--s 00000000 08:01 5768930                    /home/kradac/.cache/fontconfig/7ef2298fde41cc6eeb7af42e48b7d293-le64.cache-4
7fe7b7911000-7fe7b7925000 r--s 00000000 08:01 2756025                    /usr/share/fonts/type1/gsfonts/n019003l.pfb
7fe7b7925000-7fe7b7936000 r--s 00000000 08:01 2756031                    /usr/share/fonts/type1/gsfonts/n019023l.pfb
7fe7b7936000-7fe7b794f000 r--s 00000000 08:01 2756049                    /usr/share/fonts/type1/gsfonts/n021003l.pfb
7fe7b794f000-7fe7b7961000 r--s 00000000 08:01 2756028                    /usr/share/fonts/type1/gsfonts/n019004l.pfb
7fe7b7961000-7fe7b796b000 r--s 00000000 08:01 2756091                    /usr/share/fonts/type1/mathml/Symbol.pfb
7fe7b796b000-7fe7b7981000 r--s 00000000 08:01 2756070                    /usr/share/fonts/type1/gsfonts/n022024l.pfb
7fe7b7981000-7fe7b7998000 r--s 00000000 08:01 2756055                    /usr/share/fonts/type1/gsfonts/n021023l.pfb
7fe7b7998000-7fe7b79b0000 r--s 00000000 08:01 2756061                    /usr/share/fonts/type1/gsfonts/n022003l.pfb
7fe7b79b0000-7fe7b79c1000 r--s 00000000 08:01 2756034                    /usr/share/fonts/type1/gsfonts/n019024l.pfb
7fe7b79c1000-7fe7b79da000 r--s 00000000 08:01 2756064                    /usr/share/fonts/type1/gsfonts/n022004l.pfb
7fe7b79da000-7fe7b79fe000 rw-s 00000000 00:04 35586079                   /SYSV00000000 (deleted)
7fe7b79fe000-7fe7b7a01000 ---p 00000000 00:00 0 
7fe7b7a01000-7fe7b7cff000 rw-p 00000000 00:00 0                          [stack:18809]
7fe7b7cff000-7fe7b7d02000 ---p 00000000 00:00 0 
7fe7b7d02000-7fe7b8000000 rw-p 00000000 00:00 0                          [stack:18817]
7fe7b8000000-7fe7b8021000 rw-p 00000000 00:00 0 
7fe7b8021000-7fe7bc000000 ---p 00000000 00:00 0 
7fe7bc000000-7fe7bc076000 rw-p 00000000 00:00 0 
7fe7bc076000-7fe7c0000000 ---p 00000000 00:00 0 
7fe7c0000000-7fe7c04b6000 rw-p 00000000 00:00 0 
7fe7c04b6000-7fe7c4000000 ---p 00000000 00:00 0 
7fe7c4000000-7fe7c4021000 rw-p 00000000 00:00 0 
7fe7c4021000-7fe7c8000000 ---p 00000000 00:00 0 
7fe7c8000000-7fe7c8021000 rw-p 00000000 00:00 0 
7fe7c8021000-7fe7cc000000 ---p 00000000 00:00 0 
7fe7cc000000-7fe7cca81000 rw-p 00000000 00:00 0 
7fe7cca81000-7fe7d0000000 ---p 00000000 00:00 0 
7fe7d0000000-7fe7d0021000 rw-p 00000000 00:00 0 
7fe7d0021000-7fe7d4000000 ---p 00000000 00:00 0 
7fe7d4000000-7fe7d4021000 rw-p 00000000 00:00 0 
7fe7d4021000-7fe7d8000000 ---p 00000000 00:00 0 
7fe7d8000000-7fe7d8033000 rw-p 00000000 00:00 0 
7fe7d8033000-7fe7dc000000 ---p 00000000 00:00 0 
7fe7dc000000-7fe7dc29b000 rw-p 00000000 00:00 0 
7fe7dc29b000-7fe7e0000000 ---p 00000000 00:00 0 
7fe7e0000000-7fe7e0021000 rw-p 00000000 00:00 0 
7fe7e0021000-7fe7e4000000 ---p 00000000 00:00 0 
7fe7e4000000-7fe7e4001000 r--s 00000000 08:01 7607171                    /var/cache/fontconfig/4794a0821666d79190d59a36cb4f44b5-le64.cache-4
7fe7e4001000-7fe7e4006000 r--s 00000000 08:01 7602264                    /var/cache/fontconfig/8801497958630a81b71ace7c5f9b32a8-le64.cache-4
7fe7e4006000-7fe7e4007000 r--s 00000000 08:01 7602258                    /var/cache/fontconfig/56cf4f4769d0f4abc89a4895d7bd3ae1-le64.cache-4
7fe7e4007000-7fe7e4008000 r--s 00000000 08:01 7602270                    /var/cache/fontconfig/b9d506c9ac06c20b433354fa67a72993-le64.cache-4
7fe7e4008000-7fe7e400e000 r--s 00000000 08:01 7602269                    /var/cache/fontconfig/b47c4e1ecd0709278f4910c18777a504-le64.cache-4
7fe7e400e000-7fe7e400f000 r--s 00000000 08:01 7613981                    /var/cache/fontconfig/62f91419b9ebdb6975e7e41ab6412357-le64.cache-4
7fe7e400f000-7fe7e4025000 r--s 00000000 08:01 2756058                    /usr/share/fonts/type1/gsfonts/n021024l.pfb
7fe7e4025000-7fe7e402a000 r--s 00092000 08:01 5770435                    /usr/lib/jvm/jdk1.8.20/jre/lib/jsse.jar
7fe7e402a000-7fe7e4034000 r--s 00116000 08:01 5770445                    /usr/lib/jvm/jdk1.8.20/jre/lib/ext/localedata.jar
7fe7e4034000-7fe7e4050000 r--s 00393000 08:01 5770439                    /usr/lib/jvm/jdk1.8.20/jre/lib/ext/cldrdata.jar
7fe7e4050000-7fe7e4053000 ---p 00000000 00:00 0 
7fe7e4053000-7fe7e4151000 rw-p 00000000 00:00 0                          [stack:18806]
7fe7e4151000-7fe7e4154000 ---p 00000000 00:00 0 
7fe7e4154000-7fe7e4252000 rw-p 00000000 00:00 0                          [stack:18805]
7fe7e4252000-7fe7e4263000 r-xp 00000000 08:01 5770587                    /usr/lib/jvm/jdk1.8.20/jre/lib/amd64/libnio.so
7fe7e4263000-7fe7e4462000 ---p 00011000 08:01 5770587                    /usr/lib/jvm/jdk1.8.20/jre/lib/amd64/libnio.so
7fe7e4462000-7fe7e4463000 rw-p 00010000 08:01 5770587                    /usr/lib/jvm/jdk1.8.20/jre/lib/amd64/libnio.so
7fe7e4463000-7fe7e4494000 rw-p 00000000 00:00 0 
7fe7e4494000-7fe7e44aa000 r-xp 00000000 08:01 5770584                    /usr/lib/jvm/jdk1.8.20/jre/lib/amd64/libnet.so
7fe7e44aa000-7fe7e46aa000 ---p 00016000 08:01 5770584                    /usr/lib/jvm/jdk1.8.20/jre/lib/amd64/libnet.so
7fe7e46aa000-7fe7e46ab000 rw-p 00016000 08:01 5770584                    /usr/lib/jvm/jdk1.8.20/jre/lib/amd64/libnet.so
7fe7e46ab000-7fe7e46ae000 ---p 00000000 00:00 0 
7fe7e46ae000-7fe7e47ac000 rw-p 00000000 00:00 0                          [stack:18804]
7fe7e47ac000-7fe7e47b1000 r-xp 00000000 08:01 1843160                    /usr/lib/x86_64-linux-gnu/libXfixes.so.3.1.0
7fe7e47b1000-7fe7e49b0000 ---p 00005000 08:01 1843160                    /usr/lib/x86_64-linux-gnu/libXfixes.so.3.1.0
7fe7e49b0000-7fe7e49b1000 r--p 00004000 08:01 1843160                    /usr/lib/x86_64-linux-gnu/libXfixes.so.3.1.0
7fe7e49b1000-7fe7e49b2000 rw-p 00005000 08:01 1843160                    /usr/lib/x86_64-linux-gnu/libXfixes.so.3.1.0
7fe7e49b2000-7fe7e49bb000 r-xp 00000000 08:01 1843152                    /usr/lib/x86_64-linux-gnu/libXcursor.so.1.0.2
7fe7e49bb000-7fe7e4bba000 ---p 00009000 08:01 1843152                    /usr/lib/x86_64-linux-gnu/libXcursor.so.1.0.2
7fe7e4bba000-7fe7e4bbb000 r--p 00008000 08:01 1843152                    /usr/lib/x86_64-linux-gnu/libXcursor.so.1.0.2
7fe7e4bbb000-7fe7e4bbc000 rw-p 00009000 08:01 1843152                    /usr/lib/x86_64-linux-gnu/libXcursor.so.1.0.2
7fe7e4bbc000-7fe7e4bbf000 ---p 00000000 00:00 0 
7fe7e4bbf000-7fe7e4cbd000 rw-p 00000000 00:00 0                          [stack:18803]
7fe7e4cbd000-7fe7e4cd3000 r-xp 00000000 08:01 1576896                    /lib/x86_64-linux-gnu/libgcc_s.so.1
7fe7e4cd3000-7fe7e4ed2000 ---p 00016000 08:01 1576896                    /lib/x86_64-linux-gnu/libgcc_s.so.1
7fe7e4ed2000-7fe7e4ed3000 rw-p 00015000 08:01 1576896                    /lib/x86_64-linux-gnu/libgcc_s.so.1
7fe7e4ed3000-7fe7e4edc000 r--s 00000000 08:01 7614892                    /var/cache/fontconfig/52f7bdb7ce746bfd7eaa1985bd9cfa93-le64.cache-4
7fe7e4edc000-7fe7e4eef000 r--s 00000000 08:01 7602275                    /var/cache/fontconfig/d52a8644073d54c13679302ca1180695-le64.cache-4
7fe7e4eef000-7fe7e4f54000 r-xp 00000000 08:01 5770569                    /usr/lib/jvm/jdk1.8.20/jre/lib/amd64/libfontmanager.so
7fe7e4f54000-7fe7e5153000 ---p 00065000 08:01 5770569                    /usr/lib/jvm/jdk1.8.20/jre/lib/amd64/libfontmanager.so
7fe7e5153000-7fe7e5157000 rw-p 00064000 08:01 5770569                    /usr/lib/jvm/jdk1.8.20/jre/lib/amd64/libfontmanager.so
7fe7e5157000-7fe7e5168000 rw-p 00000000 00:00 0 
7fe7e5168000-7fe7e518e000 r--p 00000000 08:01 3038696                    /usr/share/locale-langpack/es/LC_MESSAGES/libc.mo
7fe7e518e000-7fe7e5193000 r-xp 00000000 08:01 1843156                    /usr/lib/x86_64-linux-gnu/libXdmcp.so.6.0.0
7fe7e5193000-7fe7e5392000 ---p 00005000 08:01 1843156                    /usr/lib/x86_64-linux-gnu/libXdmcp.so.6.0.0
7fe7e5392000-7fe7e5393000 r--p 00004000 08:01 1843156                    /usr/lib/x86_64-linux-gnu/libXdmcp.so.6.0.0
7fe7e5393000-7fe7e5394000 rw-p 00005000 08:01 1843156                    /usr/lib/x86_64-linux-gnu/libXdmcp.so.6.0.0
7fe7e5394000-7fe7e5396000 r-xp 00000000 08:01 1843145                    /usr/lib/x86_64-linux-gnu/libXau.so.6.0.0
7fe7e5396000-7fe7e5596000 ---p 00002000 08:01 1843145                    /usr/lib/x86_64-linux-gnu/libXau.so.6.0.0
7fe7e5596000-7fe7e5597000 r--p 00002000 08:01 1843145                    /usr/lib/x86_64-linux-gnu/libXau.so.6.0.0
7fe7e5597000-7fe7e5598000 rw-p 00003000 08:01 1843145                    /usr/lib/x86_64-linux-gnu/libXau.so.6.0.0
7fe7e5598000-7fe7e55b5000 r-xp 00000000 08:01 1844215                    /usr/lib/x86_64-linux-gnu/libxcb.so.1.1.0
7fe7e55b5000-7fe7e57b5000 ---p 0001d000 08:01 1844215                    /usr/lib/x86_64-linux-gnu/libxcb.so.1.1.0
7fe7e57b5000-7fe7e57b6000 r--p 0001d000 08:01 1844215                    /usr/lib/x86_64-linux-gnu/libxcb.so.1.1.0
7fe7e57b6000-7fe7e57b7000 rw-p 0001e000 08:01 1844215                    /usr/lib/x86_64-linux-gnu/libxcb.so.1.1.0
7fe7e57b7000-7fe7e57c6000 r-xp 00000000 08:01 1843166                    /usr/lib/x86_64-linux-gnu/libXi.so.6.1.0
7fe7e57c6000-7fe7e59c5000 ---p 0000f000 08:01 1843166                    /usr/lib/x86_64-linux-gnu/libXi.so.6.1.0
7fe7e59c5000-7fe7e59c6000 r--p 0000e000 08:01 1843166                    /usr/lib/x86_64-linux-gnu/libXi.so.6.1.0
7fe7e59c6000-7fe7e59c7000 rw-p 0000f000 08:01 1843166                    /usr/lib/x86_64-linux-gnu/libXi.so.6.1.0
7fe7e59c7000-7fe7e59cc000 r-xp 00000000 08:01 1843186                    /usr/lib/x86_64-linux-gnu/libXtst.so.6.1.0
7fe7e59cc000-7fe7e5bcb000 ---p 00005000 08:01 1843186                    /usr/lib/x86_64-linux-gnu/libXtst.so.6.1.0
7fe7e5bcb000-7fe7e5bcc000 r--p 00004000 08:01 1843186                    /usr/lib/x86_64-linux-gnu/libXtst.so.6.1.0
7fe7e5bcc000-7fe7e5bcd000 rw-p 00005000 08:01 1843186                    /usr/lib/x86_64-linux-gnu/libXtst.so.6.1.0
7fe7e5bcd000-7fe7e5bd6000 r-xp 00000000 08:01 1843180                    /usr/lib/x86_64-linux-gnu/libXrender.so.1.3.0
7fe7e5bd6000-7fe7e5dd5000 ---p 00009000 08:01 1843180                    /usr/lib/x86_64-linux-gnu/libXrender.so.1.3.0
7fe7e5dd5000-7fe7e5dd6000 r--p 00008000 08:01 1843180                    /usr/lib/x86_64-linux-gnu/libXrender.so.1.3.0
7fe7e5dd6000-7fe7e5dd7000 rw-p 00009000 08:01 1843180                    /usr/lib/x86_64-linux-gnu/libXrender.so.1.3.0
7fe7e5dd7000-7fe7e5f07000 r-xp 00000000 08:01 1843141                    /usr/lib/x86_64-linux-gnu/libX11.so.6.3.0
7fe7e5f07000-7fe7e6107000 ---p 00130000 08:01 1843141                    /usr/lib/x86_64-linux-gnu/libX11.so.6.3.0
7fe7e6107000-7fe7e6108000 r--p 00130000 08:01 1843141                    /usr/lib/x86_64-linux-gnu/libX11.so.6.3.0
7fe7e6108000-7fe7e610c000 rw-p 00131000 08:01 1843141                    /usr/lib/x86_64-linux-gnu/libX11.so.6.3.0
7fe7e610c000-7fe7e611d000 r-xp 00000000 08:01 1843158                    /usr/lib/x86_64-linux-gnu/libXext.so.6.4.0
7fe7e611d000-7fe7e631c000 ---p 00011000 08:01 1843158                    /usr/lib/x86_64-linux-gnu/libXext.so.6.4.0
7fe7e631c000-7fe7e631d000 r--p 00010000 08:01 1843158                    /usr/lib/x86_64-linux-gnu/libXext.so.6.4.0
7fe7e631d000-7fe7e631e000 rw-p 00011000 08:01 1843158                    /usr/lib/x86_64-linux-gnu/libXext.so.6.4.0
7fe7e631e000-7fe7e6327000 r--s 00000000 08:01 7602255                    /var/cache/fontconfig/3f7329c5293ffd510edef78f73874cfd-le64.cache-4
7fe7e6327000-7fe7e6332000 r--s 00000000 08:01 7614244                    /var/cache/fontconfig/d589a48862398ed80a3d6066f4f56f4c-le64.cache-4
7fe7e6332000-7fe7e6333000 r--s 00000000 08:01 7602247                    /var/cache/fontconfig/0c9eb80ebd1c36541ebe2852d3bb0c49-le64.cache-4
7fe7e6333000-7fe7e633a000 r--s 00000000 08:01 2103056                    /usr/lib/x86_64-linux-gnu/gconv/gconv-modules.cache
7fe7e633a000-7fe7e638e000 r-xp 00000000 08:01 5770591                    /usr/lib/jvm/jdk1.8.20/jre/lib/amd64/libawt_xawt.so
7fe7e638e000-7fe7e658e000 ---p 00054000 08:01 5770591                    /usr/lib/jvm/jdk1.8.20/jre/lib/amd64/libawt_xawt.so
7fe7e658e000-7fe7e6592000 rw-p 00054000 08:01 5770591                    /usr/lib/jvm/jdk1.8.20/jre/lib/amd64/libawt_xawt.so
7fe7e6592000-7fe7e6593000 rw-p 00000000 00:00 0 
7fe7e6593000-7fe7e6635000 r-xp 00000000 08:01 5770577                    /usr/lib/jvm/jdk1.8.20/jre/lib/amd64/libawt.so
7fe7e6635000-7fe7e6835000 ---p 000a2000 08:01 5770577                    /usr/lib/jvm/jdk1.8.20/jre/lib/amd64/libawt.so
7fe7e6835000-7fe7e6841000 rw-p 000a2000 08:01 5770577                    /usr/lib/jvm/jdk1.8.20/jre/lib/amd64/libawt.so
7fe7e6841000-7fe7e6865000 rw-p 00000000 00:00 0 
7fe7e6865000-7fe7e687c000 r--s 00113000 08:01 5511429                    /home/kradac/NetBeansProjects/DespachosActual/lib/swingx-0.9.4.jar
7fe7e687c000-7fe7e687d000 ---p 00000000 00:00 0 
7fe7e687d000-7fe7e697d000 rw-p 00000000 00:00 0                          [stack:18801]
7fe7e697d000-7fe7e6980000 ---p 00000000 00:00 0 
7fe7e6980000-7fe7e6a7e000 rw-p 00000000 00:00 0                          [stack:18800]
7fe7e6a7e000-7fe7e7160000 r--p 00000000 08:01 1842130                    /usr/lib/locale/locale-archive
7fe7e7160000-7fe7e9000000 rw-p 00000000 00:00 0 
7fe7e9000000-7fe7e9590000 rwxp 00000000 00:00 0 
7fe7e9590000-7fe7f8000000 ---p 00000000 00:00 0 
7fe7f8000000-7fe7f85f2000 rw-p 00000000 00:00 0 
7fe7f85f2000-7fe7fc000000 ---p 00000000 00:00 0 
7fe7fc000000-7fe7fc004000 r--s 00000000 08:01 5768930                    /home/kradac/.cache/fontconfig/7ef2298fde41cc6eeb7af42e48b7d293-le64.cache-4
7fe7fc004000-7fe7fc009000 r--s 002f8000 08:01 5770384                    /usr/lib/jvm/jdk1.8.20/jre/lib/charsets.jar
7fe7fc009000-7fe7fc016000 r--s 0007f000 08:01 5511427                    /home/kradac/NetBeansProjects/DespachosActual/lib/org.apache.commons.collections.jar
7fe7fc016000-7fe7fc01e000 r--s 000c3000 08:01 5511432                    /home/kradac/NetBeansProjects/DespachosActual/lib/mysql-connector-java-5.1.23-bin.jar
7fe7fc01e000-7fe7fc02a000 r--s 000a6000 08:01 5511426                    /home/kradac/NetBeansProjects/DespachosActual/lib/jxl.jar
7fe7fc02a000-7fe7fc055000 r--s 0023e000 08:01 5511425                    /home/kradac/NetBeansProjects/DespachosActual/lib/jasperreports-3.5.3.jar
7fe7fc055000-7fe7fc071000 r--s 00214000 08:01 5511424                    /home/kradac/NetBeansProjects/DespachosActual/lib/groovy-all-1.0.jar
7fe7fc071000-7fe7fc075000 r--s 00026000 08:01 5511422                    /home/kradac/NetBeansProjects/DespachosActual/lib/commons-digester-1.6.jar
7fe7fc075000-7fe7fc07a000 r--s 0002a000 08:01 5511431                    /home/kradac/NetBeansProjects/DespachosActual/lib/commons-beanutils.jar
7fe7fc07a000-7fe7fc07d000 ---p 00000000 00:00 0 
7fe7fc07d000-7fe7fc17b000 rw-p 00000000 00:00 0                          [stack:18799]
7fe7fc17b000-7fe7fc17e000 ---p 00000000 00:00 0 
7fe7fc17e000-7fe7fc27c000 rw-p 00000000 00:00 0                          [stack:18798]
7fe7fc27c000-7fe7fc27f000 ---p 00000000 00:00 0 
7fe7fc27f000-7fe7fc37d000 rw-p 00000000 00:00 0                          [stack:18797]
7fe7fc37d000-7fe7fc380000 ---p 00000000 00:00 0 
7fe7fc380000-7fe7fc47e000 rw-p 00000000 00:00 0                          [stack:18796]
7fe7fc47e000-7fe7fc481000 ---p 00000000 00:00 0 
7fe7fc481000-7fe7fc57f000 rw-p 00000000 00:00 0                          [stack:18795]
7fe7fc57f000-7fe7fc580000 ---p 00000000 00:00 0 
7fe7fc580000-7fe7fcff9000 rw-p 00000000 00:00 0                          [stack:18794]
7fe7fcff9000-7fe7fd1cf000 r--s 03ca8000 08:01 5770386                    /usr/lib/jvm/jdk1.8.20/jre/lib/rt.jar
7fe7fd1cf000-7fe7fdc2f000 rw-p 00000000 00:00 0 
7fe7fdc2f000-7fe7fdc30000 ---p 00000000 00:00 0 
7fe7fdc30000-7fe7fdd30000 rw-p 00000000 00:00 0                          [stack:18793]
7fe7fdd30000-7fe7fdd31000 ---p 00000000 00:00 0 
7fe7fdd31000-7fe7fde46000 rw-p 00000000 00:00 0                          [stack:18792]
7fe7fde46000-7fe7fdf78000 ---p 00000000 00:00 0 
7fe7fdf78000-7fe7fdf8d000 rw-p 00000000 00:00 0 
7fe7fdf8d000-7fe7fe0be000 ---p 00000000 00:00 0 
7fe7fe0be000-7fe7fe12a000 rw-p 00000000 00:00 0 
7fe7fe12a000-7fe7fe162000 ---p 00000000 00:00 0 
7fe7fe162000-7fe7fe17a000 rw-p 00000000 00:00 0 
7fe7fe17a000-7fe7fe523000 ---p 00000000 00:00 0 
7fe7fe523000-7fe7fe53d000 r-xp 00000000 08:01 5770580                    /usr/lib/jvm/jdk1.8.20/jre/lib/amd64/libzip.so
7fe7fe53d000-7fe7fe73d000 ---p 0001a000 08:01 5770580                    /usr/lib/jvm/jdk1.8.20/jre/lib/amd64/libzip.so
7fe7fe73d000-7fe7fe73e000 rw-p 0001a000 08:01 5770580                    /usr/lib/jvm/jdk1.8.20/jre/lib/amd64/libzip.so
7fe7fe73e000-7fe7fe749000 r-xp 00000000 08:01 1578711                    /lib/x86_64-linux-gnu/libnss_files-2.19.so
7fe7fe749000-7fe7fe948000 ---p 0000b000 08:01 1578711                    /lib/x86_64-linux-gnu/libnss_files-2.19.so
7fe7fe948000-7fe7fe949000 r--p 0000a000 08:01 1578711                    /lib/x86_64-linux-gnu/libnss_files-2.19.so
7fe7fe949000-7fe7fe94a000 rw-p 0000b000 08:01 1578711                    /lib/x86_64-linux-gnu/libnss_files-2.19.so
7fe7fe94a000-7fe7fe955000 r-xp 00000000 08:01 1578712                    /lib/x86_64-linux-gnu/libnss_nis-2.19.so
7fe7fe955000-7fe7feb54000 ---p 0000b000 08:01 1578712                    /lib/x86_64-linux-gnu/libnss_nis-2.19.so
7fe7feb54000-7fe7feb55000 r--p 0000a000 08:01 1578712                    /lib/x86_64-linux-gnu/libnss_nis-2.19.so
7fe7feb55000-7fe7feb56000 rw-p 0000b000 08:01 1578712                    /lib/x86_64-linux-gnu/libnss_nis-2.19.so
7fe7feb56000-7fe7feb6d000 r-xp 00000000 08:01 1578694                    /lib/x86_64-linux-gnu/libnsl-2.19.so
7fe7feb6d000-7fe7fed6c000 ---p 00017000 08:01 1578694                    /lib/x86_64-linux-gnu/libnsl-2.19.so
7fe7fed6c000-7fe7fed6d000 r--p 00016000 08:01 1578694                    /lib/x86_64-linux-gnu/libnsl-2.19.so
7fe7fed6d000-7fe7fed6e000 rw-p 00017000 08:01 1578694                    /lib/x86_64-linux-gnu/libnsl-2.19.so
7fe7fed6e000-7fe7fed70000 rw-p 00000000 00:00 0 
7fe7fed70000-7fe7fed79000 r-xp 00000000 08:01 1578684                    /lib/x86_64-linux-gnu/libnss_compat-2.19.so
7fe7fed79000-7fe7fef78000 ---p 00009000 08:01 1578684                    /lib/x86_64-linux-gnu/libnss_compat-2.19.so
7fe7fef78000-7fe7fef79000 r--p 00008000 08:01 1578684                    /lib/x86_64-linux-gnu/libnss_compat-2.19.so
7fe7fef79000-7fe7fef7a000 rw-p 00009000 08:01 1578684                    /lib/x86_64-linux-gnu/libnss_compat-2.19.so
7fe7fef7a000-7fe7fefa4000 r-xp 00000000 08:01 5770575                    /usr/lib/jvm/jdk1.8.20/jre/lib/amd64/libjava.so
7fe7fefa4000-7fe7ff1a4000 ---p 0002a000 08:01 5770575                    /usr/lib/jvm/jdk1.8.20/jre/lib/amd64/libjava.so
7fe7ff1a4000-7fe7ff1a6000 rw-p 0002a000 08:01 5770575                    /usr/lib/jvm/jdk1.8.20/jre/lib/amd64/libjava.so
7fe7ff1a6000-7fe7ff1b3000 r-xp 00000000 08:01 5770579                    /usr/lib/jvm/jdk1.8.20/jre/lib/amd64/libverify.so
7fe7ff1b3000-7fe7ff3b3000 ---p 0000d000 08:01 5770579                    /usr/lib/jvm/jdk1.8.20/jre/lib/amd64/libverify.so
7fe7ff3b3000-7fe7ff3b5000 rw-p 0000d000 08:01 5770579                    /usr/lib/jvm/jdk1.8.20/jre/lib/amd64/libverify.so
7fe7ff3b5000-7fe7ff3bc000 r-xp 00000000 08:01 1578697                    /lib/x86_64-linux-gnu/librt-2.19.so
7fe7ff3bc000-7fe7ff5bb000 ---p 00007000 08:01 1578697                    /lib/x86_64-linux-gnu/librt-2.19.so
7fe7ff5bb000-7fe7ff5bc000 r--p 00006000 08:01 1578697                    /lib/x86_64-linux-gnu/librt-2.19.so
7fe7ff5bc000-7fe7ff5bd000 rw-p 00007000 08:01 1578697                    /lib/x86_64-linux-gnu/librt-2.19.so
7fe7ff5bd000-7fe7ff6c2000 r-xp 00000000 08:01 1578707                    /lib/x86_64-linux-gnu/libm-2.19.so
7fe7ff6c2000-7fe7ff8c1000 ---p 00105000 08:01 1578707                    /lib/x86_64-linux-gnu/libm-2.19.so
7fe7ff8c1000-7fe7ff8c2000 r--p 00104000 08:01 1578707                    /lib/x86_64-linux-gnu/libm-2.19.so
7fe7ff8c2000-7fe7ff8c3000 rw-p 00105000 08:01 1578707                    /lib/x86_64-linux-gnu/libm-2.19.so
7fe7ff8c3000-7fe80052d000 r-xp 00000000 08:01 5770561                    /usr/lib/jvm/jdk1.8.20/jre/lib/amd64/server/libjvm.so
7fe80052d000-7fe80072c000 ---p 00c6a000 08:01 5770561                    /usr/lib/jvm/jdk1.8.20/jre/lib/amd64/server/libjvm.so
7fe80072c000-7fe800803000 rw-p 00c69000 08:01 5770561                    /usr/lib/jvm/jdk1.8.20/jre/lib/amd64/server/libjvm.so
7fe800803000-7fe800845000 rw-p 00000000 00:00 0 
7fe800845000-7fe800a00000 r-xp 00000000 08:01 1578701                    /lib/x86_64-linux-gnu/libc-2.19.so
7fe800a00000-7fe800c00000 ---p 001bb000 08:01 1578701                    /lib/x86_64-linux-gnu/libc-2.19.so
7fe800c00000-7fe800c04000 r--p 001bb000 08:01 1578701                    /lib/x86_64-linux-gnu/libc-2.19.so
7fe800c04000-7fe800c06000 rw-p 001bf000 08:01 1578701                    /lib/x86_64-linux-gnu/libc-2.19.so
7fe800c06000-7fe800c0b000 rw-p 00000000 00:00 0 
7fe800c0b000-7fe800c0e000 r-xp 00000000 08:01 1578716                    /lib/x86_64-linux-gnu/libdl-2.19.so
7fe800c0e000-7fe800e0d000 ---p 00003000 08:01 1578716                    /lib/x86_64-linux-gnu/libdl-2.19.so
7fe800e0d000-7fe800e0e000 r--p 00002000 08:01 1578716                    /lib/x86_64-linux-gnu/libdl-2.19.so
7fe800e0e000-7fe800e0f000 rw-p 00003000 08:01 1578716                    /lib/x86_64-linux-gnu/libdl-2.19.so
7fe800e0f000-7fe800e24000 r-xp 00000000 08:01 5770556                    /usr/lib/jvm/jdk1.8.20/jre/lib/amd64/jli/libjli.so
7fe800e24000-7fe801023000 ---p 00015000 08:01 5770556                    /usr/lib/jvm/jdk1.8.20/jre/lib/amd64/jli/libjli.so
7fe801023000-7fe801024000 rw-p 00014000 08:01 5770556                    /usr/lib/jvm/jdk1.8.20/jre/lib/amd64/jli/libjli.so
7fe801024000-7fe80103d000 r-xp 00000000 08:01 1578717                    /lib/x86_64-linux-gnu/libpthread-2.19.so
7fe80103d000-7fe80123c000 ---p 00019000 08:01 1578717                    /lib/x86_64-linux-gnu/libpthread-2.19.so
7fe80123c000-7fe80123d000 r--p 00018000 08:01 1578717                    /lib/x86_64-linux-gnu/libpthread-2.19.so
7fe80123d000-7fe80123e000 rw-p 00019000 08:01 1578717                    /lib/x86_64-linux-gnu/libpthread-2.19.so
7fe80123e000-7fe801242000 rw-p 00000000 00:00 0 
7fe801242000-7fe801265000 r-xp 00000000 08:01 1578704                    /lib/x86_64-linux-gnu/ld-2.19.so
7fe801265000-7fe801268000 r--s 00000000 08:01 7602652                    /var/cache/fontconfig/e13b20fdb08344e0e664864cc2ede53d-le64.cache-4
7fe801268000-7fe801341000 rw-p 00000000 00:00 0 
7fe801341000-7fe801344000 ---p 00000000 00:00 0 
7fe801344000-7fe801446000 rw-p 00000000 00:00 0                          [stack:18791]
7fe801446000-7fe801447000 r--s 00000000 08:01 7613981                    /var/cache/fontconfig/62f91419b9ebdb6975e7e41ab6412357-le64.cache-4
7fe801447000-7fe801448000 r--s 0000a000 08:01 5511428                    /home/kradac/NetBeansProjects/DespachosActual/lib/org.apache.commons.logging.jar
7fe801448000-7fe801449000 r--s 00006000 08:01 5511420                    /home/kradac/NetBeansProjects/DespachosActual/lib/comm.jar
7fe801449000-7fe80144a000 r--s 00009000 08:01 5511419                    /home/kradac/NetBeansProjects/DespachosActual/lib/com.springsource.org.objectweb.asm_2.2.3.jar
7fe80144a000-7fe801450000 r--s 00069000 08:01 5511430                    /home/kradac/NetBeansProjects/DespachosActual/lib/antlrall-2.7.6.jar
7fe801450000-7fe801458000 r--s 000c4000 08:01 5772322                    /home/kradac/netbeans-8.0/ide/modules/ext/mysql-connector-java-5.1.23-bin.jar
7fe801458000-7fe801460000 rw-s 00000000 08:01 8650825                    /tmp/hsperfdata_root/18786
7fe801460000-7fe801461000 rw-p 00000000 00:00 0 
7fe801461000-7fe801462000 ---p 00000000 00:00 0 
7fe801462000-7fe801464000 rw-p 00000000 00:00 0 
7fe801464000-7fe801465000 r--p 00022000 08:01 1578704                    /lib/x86_64-linux-gnu/ld-2.19.so
7fe801465000-7fe801466000 rw-p 00023000 08:01 1578704                    /lib/x86_64-linux-gnu/ld-2.19.so
7fe801466000-7fe801467000 rw-p 00000000 00:00 0 
7fffa9b1a000-7fffa9b3b000 rw-p 00000000 00:00 0                          [stack]
7fffa9b50000-7fffa9b52000 r-xp 00000000 00:00 0                          [vdso]
ffffffffff600000-ffffffffff601000 r-xp 00000000 00:00 0                  [vsyscall]

VM Arguments:
jvm_args: -Dfile.encoding=UTF-8 
java_command: com.kradac.despachos.login.Login
java_class_path (initial): /home/kradac/netbeans-8.0/ide/modules/ext/mysql-connector-java-5.1.23-bin.jar:/home/kradac/NetBeansProjects/DespachosActual/lib/antlrall-2.7.6.jar:/home/kradac/NetBeansProjects/DespachosActual/lib/com.springsource.org.objectweb.asm_2.2.3.jar:/home/kradac/NetBeansProjects/DespachosActual/lib/comm.jar:/home/kradac/NetBeansProjects/DespachosActual/lib/commons-beanutils.jar:/home/kradac/NetBeansProjects/DespachosActual/lib/commons-digester-1.6.jar:/home/kradac/NetBeansProjects/DespachosActual/lib/groovy-all-1.0.jar:/home/kradac/NetBeansProjects/DespachosActual/lib/jasperreports-3.5.3.jar:/home/kradac/NetBeansProjects/DespachosActual/lib/jxl.jar:/home/kradac/NetBeansProjects/DespachosActual/lib/mysql-connector-java-5.1.23-bin.jar:/home/kradac/NetBeansProjects/DespachosActual/lib/org.apache.commons.collections.jar:/home/kradac/NetBeansProjects/DespachosActual/lib/org.apache.commons.logging.jar:/home/kradac/NetBeansProjects/DespachosActual/lib/swingx-0.9.4.jar:/home/kradac/NetBeansProjects/DespachosActual/build/classes
Launcher Type: SUN_STANDARD

Environment Variables:
PATH=/usr/local/sbin:/usr/local/bin:/usr/sbin:/usr/bin:/sbin:/bin
USERNAME=root
LD_LIBRARY_PATH=/usr/lib/jvm/jdk1.8.20/jre/lib/amd64:/usr/lib/jvm/jdk1.8.20/jre/lib/i386:
SHELL=/bin/bash
DISPLAY=:0

Signal Handlers:
SIGSEGV: [libjvm.so+0xa77530], sa_mask[0]=11111111011111111101111111111110, sa_flags=SA_RESTART|SA_SIGINFO
SIGBUS: [libjvm.so+0xa77530], sa_mask[0]=11111111011111111101111111111110, sa_flags=SA_RESTART|SA_SIGINFO
SIGFPE: [libjvm.so+0x8e1d90], sa_mask[0]=11111111011111111101111111111110, sa_flags=SA_RESTART|SA_SIGINFO
SIGPIPE: [libjvm.so+0x8e1d90], sa_mask[0]=11111111011111111101111111111110, sa_flags=SA_RESTART|SA_SIGINFO
SIGXFSZ: [libjvm.so+0x8e1d90], sa_mask[0]=11111111011111111101111111111110, sa_flags=SA_RESTART|SA_SIGINFO
SIGILL: [libjvm.so+0x8e1d90], sa_mask[0]=11111111011111111101111111111110, sa_flags=SA_RESTART|SA_SIGINFO
SIGUSR1: SIG_DFL, sa_mask[0]=00000000000000000000000000000000, sa_flags=none
SIGUSR2: [libjvm.so+0x8e35c0], sa_mask[0]=00100000000000000000000000000000, sa_flags=SA_RESTART|SA_SIGINFO
SIGHUP: [libjvm.so+0x8e4980], sa_mask[0]=11111111011111111101111111111110, sa_flags=SA_RESTART|SA_SIGINFO
SIGINT: SIG_IGN, sa_mask[0]=00000000000000000000000000000000, sa_flags=none
SIGTERM: [libjvm.so+0x8e4980], sa_mask[0]=11111111011111111101111111111110, sa_flags=SA_RESTART|SA_SIGINFO
SIGQUIT: [libjvm.so+0x8e4980], sa_mask[0]=11111111011111111101111111111110, sa_flags=SA_RESTART|SA_SIGINFO


---------------  S Y S T E M  ---------------

OS:DISTRIB_ID=Ubuntu
DISTRIB_RELEASE=14.04
DISTRIB_CODENAME=trusty
DISTRIB_DESCRIPTION="Ubuntu 14.04.1 LTS"

uname:Linux 3.13.0-35-generic #62-Ubuntu SMP Fri Aug 15 01:58:42 UTC 2014 x86_64
libc:glibc 2.19 NPTL 2.19 
rlimit: STACK 8192k, CORE 0k, NPROC 31182, NOFILE 4096, AS infinity
load average:2,78 2,57 1,72

/proc/meminfo:
MemTotal:        4012884 kB
MemFree:          104436 kB
Buffers:             920 kB
Cached:           419524 kB
SwapCached:            0 kB
Active:          3311820 kB
Inactive:         406512 kB
Active(anon):    3301048 kB
Inactive(anon):   360748 kB
Active(file):      10772 kB
Inactive(file):    45764 kB
Unevictable:          80 kB
Mlocked:              80 kB
SwapTotal:             0 kB
SwapFree:              0 kB
Dirty:               484 kB
Writeback:             0 kB
AnonPages:       3298264 kB
Mapped:           142780 kB
Shmem:            363512 kB
Slab:              72900 kB
SReclaimable:      35656 kB
SUnreclaim:        37244 kB
KernelStack:        6072 kB
PageTables:        51936 kB
NFS_Unstable:          0 kB
Bounce:                0 kB
WritebackTmp:          0 kB
CommitLimit:     2006440 kB
Committed_AS:    9859988 kB
VmallocTotal:   34359738367 kB
VmallocUsed:      541528 kB
VmallocChunk:   34359186292 kB
HardwareCorrupted:     0 kB
AnonHugePages:    772096 kB
HugePages_Total:       0
HugePages_Free:        0
HugePages_Rsvd:        0
HugePages_Surp:        0
Hugepagesize:       2048 kB
DirectMap4k:       69248 kB
DirectMap2M:     4089856 kB


CPU:total 2 (2 cores per cpu, 1 threads per core) family 6 model 23 stepping 10, cmov, cx8, fxsr, mmx, sse, sse2, sse3, ssse3, sse4.1, tsc

/proc/cpuinfo:
processor	: 0
vendor_id	: GenuineIntel
cpu family	: 6
model		: 23
model name	: Intel(R) Core(TM)2 Duo CPU     E7500  @ 2.93GHz
stepping	: 10
microcode	: 0xa07
cpu MHz		: 2933.383
cache size	: 3072 KB
physical id	: 0
siblings	: 2
core id		: 0
cpu cores	: 2
apicid		: 0
initial apicid	: 0
fpu		: yes
fpu_exception	: yes
cpuid level	: 13
wp		: yes
flags		: fpu vme de pse tsc msr pae mce cx8 apic sep mtrr pge mca cmov pat pse36 clflush dts acpi mmx fxsr sse sse2 ss ht tm pbe syscall nx lm constant_tsc arch_perfmon pebs bts rep_good nopl aperfmperf pni dtes64 monitor ds_cpl vmx est tm2 ssse3 cx16 xtpr pdcm sse4_1 xsave lahf_lm dtherm tpr_shadow vnmi flexpriority
bogomips	: 5866.76
clflush size	: 64
cache_alignment	: 64
address sizes	: 36 bits physical, 48 bits virtual
power management:

processor	: 1
vendor_id	: GenuineIntel
cpu family	: 6
model		: 23
model name	: Intel(R) Core(TM)2 Duo CPU     E7500  @ 2.93GHz
stepping	: 10
microcode	: 0xa07
cpu MHz		: 2933.383
cache size	: 3072 KB
physical id	: 0
siblings	: 2
core id		: 1
cpu cores	: 2
apicid		: 1
initial apicid	: 1
fpu		: yes
fpu_exception	: yes
cpuid level	: 13
wp		: yes
flags		: fpu vme de pse tsc msr pae mce cx8 apic sep mtrr pge mca cmov pat pse36 clflush dts acpi mmx fxsr sse sse2 ss ht tm pbe syscall nx lm constant_tsc arch_perfmon pebs bts rep_good nopl aperfmperf pni dtes64 monitor ds_cpl vmx est tm2 ssse3 cx16 xtpr pdcm sse4_1 xsave lahf_lm dtherm tpr_shadow vnmi flexpriority
bogomips	: 5866.76
clflush size	: 64
cache_alignment	: 64
address sizes	: 36 bits physical, 48 bits virtual
power management:



Memory: 4k page, physical 4012884k(104436k free), swap 0k(0k free)

vm_info: Java HotSpot(TM) 64-Bit Server VM (25.20-b23) for linux-amd64 JRE (1.8.0_20-b26), built on Jul 30 2014 13:13:52 by "java_re" with gcc 4.3.0 20080428 (Red Hat 4.3.0-8)

time: Wed Sep  3 15:02:19 2014
elapsed time: 16 seconds (0d 0h 0m 16s)

